<?xml version="1.0" encoding="UTF-8"?>
<!-- Generated by org.testng.reporters.JUnitReportReporter -->
<testsuite hostname="DESKTOP-4UA967F" name="JenkinPratice.JenkinDemoTest" tests="1" failures="0" timestamp="13 Dec 2021 09:49:52 GMT" time="0.094" errors="0">
  <testcase name="jenkinDemo" time="0.094" classname="JenkinPratice.JenkinDemoTest"/>
</testsuite> <!-- JenkinPratice.JenkinDemoTest -->
