<?xml version="1.0" encoding="UTF-8"?>
<!-- Generated by org.testng.reporters.JUnitReportReporter -->
<testsuite hostname="DESKTOP-4UA967F" name="JenkinPratice.JenkinDemo" tests="1" failures="0" timestamp="13 Dec 2021 09:07:53 GMT" time="0.141" errors="0">
  <testcase name="jenkinDemo" time="0.141" classname="JenkinPratice.JenkinDemo"/>
</testsuite> <!-- JenkinPratice.JenkinDemo -->
